<?xml version="1.0" encoding="UTF-8"?>
<!-- Generated by org.testng.reporters.JUnitReportReporter -->
<testsuite hostname="DESKTOP-TIVA8EK" failures="0" tests="1" name="cucumber.CucumberTestNgRunner" time="19.723" errors="0" timestamp="2024-04-24T19:18:27 PKT" skipped="0">
  <testcase classname="cucumber.CucumberTestNgRunner" name="runScenario" time="19.723"/>
</testsuite> <!-- cucumber.CucumberTestNgRunner -->
