<?xml version="1.0" encoding="UTF-8"?>
<!-- Generated by org.testng.reporters.JUnitReportReporter -->
<testsuite hostname="DESKTOP-TIVA8EK" failures="0" tests="1" name="loneCreates.ValidLoginTest" time="0.011" errors="0" timestamp="2024-04-24T01:03:18 PKT" skipped="0">
  <testcase classname="loneCreates.ValidLoginTest" name="validLogin" time="0.011"/>
</testsuite> <!-- loneCreates.ValidLoginTest -->
