<?xml version="1.0" encoding="UTF-8"?>
<!-- Generated by org.testng.reporters.JUnitReportReporter -->
<testsuite hostname="DESKTOP-TIVA8EK" failures="0" tests="2" name="loneCreates.ItemsTest" time="0.003" errors="0" timestamp="2024-04-24T01:03:18 PKT" skipped="0">
  <testcase classname="loneCreates.ItemsTest" name="Addnewitemtest" time="0.001"/>
  <testcase classname="loneCreates.ItemsTest" name="ItemExists" time="0.002"/>
</testsuite> <!-- loneCreates.ItemsTest -->
